[debug] [2021-06-09T13:41:15.476Z] ----------------------------------------------------------------------
[debug] [2021-06-09T13:41:15.478Z] Command:       D:\softwares\nodejs\node.exe C:\Users\Lenovo\AppData\Roaming\npm\node_modules\firebase-tools\lib\bin\firebase.js init
[debug] [2021-06-09T13:41:15.479Z] CLI Version:   9.12.1
[debug] [2021-06-09T13:41:15.479Z] Platform:      win32
[debug] [2021-06-09T13:41:15.479Z] Node Version:  v14.16.0
[debug] [2021-06-09T13:41:15.479Z] Time:          Wed Jun 09 2021 19:11:15 GMT+0530 (India Standard Time)
[debug] [2021-06-09T13:41:15.480Z] ----------------------------------------------------------------------
[debug] 
[debug] [2021-06-09T13:41:15.484Z] > command requires scopes: ["email","openid","https://www.googleapis.com/auth/cloudplatformprojects.readonly","https://www.googleapis.com/auth/firebase","https://www.googleapis.com/auth/cloud-platform"]
[debug] [2021-06-09T13:41:15.484Z] > authorizing via signed-in user (arunkjojo@gmail.com)
[info] 
     ######## #### ########  ######## ########     ###     ######  ########
     ##        ##  ##     ## ##       ##     ##  ##   ##  ##       ##
     ######    ##  ########  ######   ########  #########  ######  ######
     ##        ##  ##    ##  ##       ##     ## ##     ##       ## ##
     ##       #### ##     ## ######## ########  ##     ##  ######  ########

You're about to initialize a Firebase project in this directory:

  D:\project\helplineKerala\fire-base-helpline-kerala

[info] 
=== Project Setup
[info] 
[info] First, let's associate this project directory with a Firebase project.
[info] You can create multiple project aliases by running firebase use --add, 
[info] but for now we'll just set up a default project.
[info] 
[debug] [2021-06-09T13:41:50.744Z] >>> [apiv2][query] GET https://firebase.googleapis.com/v1beta1/projects pageSize=100
[debug] [2021-06-09T13:41:51.492Z] <<< [apiv2][status] GET https://firebase.googleapis.com/v1beta1/projects 200
[debug] [2021-06-09T13:41:51.492Z] <<< [apiv2][body] GET https://firebase.googleapis.com/v1beta1/projects [omitted]
[info] i  Using project helplinekerala (helplinekerala) 
[info] 
=== Hosting Setup
[info] 
[info] Your public directory is the folder (relative to your project directory) that
[info] will contain Hosting assets to be uploaded with firebase deploy. If you
[info] have a build process for your assets, use your build's output directory.
[info] 
